<?xml version="1.0" encoding="UTF-8"?>
<!-- Generated by org.testng.reporters.JUnitReportReporter -->
<testsuite hostname="varshas-MacBook-Pro.local" name="com.selenium.PageObjectProject.testscripts.TestScript1" tests="1" failures="0" timestamp="29 Dec 2017 23:52:43 GMT" time="3.241" errors="0">
  <testcase name="Signin" time="3.241" classname="com.selenium.PageObjectProject.testscripts.TestScript1"/>
</testsuite> <!-- com.selenium.PageObjectProject.testscripts.TestScript1 -->
